X = 
[[5.1 3.5 1.4 0.2]
 [5.1 3.5 1.4 0.2]
 [4.7 3.2 1.3 0.2]
 [4.7 3.2 1.3 0.2]
 [4.9 3.  1.4 0.2]
 [5.  3.6 1.4 0.2]
 [5.1 3.5 1.4 0.2]
 [4.6 3.4 1.4 0.3]
 [5.  3.6 1.4 0.2]
 [4.9 3.1 1.5 0.1]
 [5.4 3.7 1.5 0.2]
 [4.9 3.  1.4 0.2]
 [4.7 3.2 1.3 0.2]
 [4.6 3.4 1.4 0.3]
 [5.4 3.7 1.5 0.2]
 [4.3 3.  1.1 0.1]
 [5.7 4.4 1.5 0.4]
 [4.4 2.9 1.4 0.2]
 [5.7 4.4 1.5 0.4]
 [4.6 3.1 1.5 0.2]]

y = 
[[2]
 [1]
 [1]
 [2]
 [2]
 [1]
 [1]
 [1]
 [2]
 [0]
 [2]
 [1]
 [0]
 [0]
 [1]
 [0]
 [2]
 [1]
 [1]
 [2]]



INFO:root:My complex dict:
{'bounds': 0.1,
 'feat_idx': 3,
 'info_gain': 0.26899559358928116,
 'left': array([[4.9, 3.1, 1.5, 0.1, 0. ],
       [4.3, 3. , 1.1, 0.1, 0. ]]),
 'right': array([[5.1, 3.5, 1.4, 0.2, 2. ],
       [5.1, 3.5, 1.4, 0.2, 1. ],
       [4.7, 3.2, 1.3, 0.2, 1. ],
       [4.7, 3.2, 1.3, 0.2, 2. ],
       [4.9, 3. , 1.4, 0.2, 2. ],
       [5. , 3.6, 1.4, 0.2, 1. ],
       [5.1, 3.5, 1.4, 0.2, 1. ],
       [4.6, 3.4, 1.4, 0.3, 1. ],
       [5. , 3.6, 1.4, 0.2, 2. ],
       [5.4, 3.7, 1.5, 0.2, 2. ],
       [4.9, 3. , 1.4, 0.2, 1. ],
       [4.7, 3.2, 1.3, 0.2, 0. ],
       [4.6, 3.4, 1.4, 0.3, 0. ],
       [5.4, 3.7, 1.5, 0.2, 1. ],
       [5.7, 4.4, 1.5, 0.4, 2. ],
       [4.4, 2.9, 1.4, 0.2, 1. ],
       [5.7, 4.4, 1.5, 0.4, 1. ],
       [4.6, 3.1, 1.5, 0.2, 2. ]])}

{'bounds': 4.3,
 'feat_idx': 0,
 'info_gain': 0.0,
 'left': array([[4.3, 3. , 1.1, 0.1, 0. ]]),
 'right': array([[4.9, 3.1, 1.5, 0.1, 0. ]])}

{'bounds': 4.7,
 'feat_idx': 0,
 'info_gain': 0.16927284889396121,
 'left': array([[4.7, 3.2, 1.3, 0.2, 1. ],
       [4.7, 3.2, 1.3, 0.2, 2. ],
       [4.6, 3.4, 1.4, 0.3, 1. ],
       [4.7, 3.2, 1.3, 0.2, 0. ],
       [4.6, 3.4, 1.4, 0.3, 0. ],
       [4.4, 2.9, 1.4, 0.2, 1. ],
       [4.6, 3.1, 1.5, 0.2, 2. ]]),
 'right': array([[5.1, 3.5, 1.4, 0.2, 2. ],
       [5.1, 3.5, 1.4, 0.2, 1. ],
       [4.9, 3. , 1.4, 0.2, 2. ],
       [5. , 3.6, 1.4, 0.2, 1. ],
       [5.1, 3.5, 1.4, 0.2, 1. ],
       [5. , 3.6, 1.4, 0.2, 2. ],
       [5.4, 3.7, 1.5, 0.2, 2. ],
       [4.9, 3. , 1.4, 0.2, 1. ],
       [5.4, 3.7, 1.5, 0.2, 1. ],
       [5.7, 4.4, 1.5, 0.4, 2. ],
       [5.7, 4.4, 1.5, 0.4, 1. ]])}

{'bounds': 1.4,
 'feat_idx': 2,
 'info_gain': 0.30595849286804166,
 'left': array([[4.7, 3.2, 1.3, 0.2, 1. ],
       [4.7, 3.2, 1.3, 0.2, 2. ],
       [4.6, 3.4, 1.4, 0.3, 1. ],
       [4.7, 3.2, 1.3, 0.2, 0. ],
       [4.6, 3.4, 1.4, 0.3, 0. ],
       [4.4, 2.9, 1.4, 0.2, 1. ]]),
 'right': array([[4.6, 3.1, 1.5, 0.2, 2. ]])}

{'bounds': 3.5,
 'feat_idx': 1,
 'info_gain': 0.00723448672483451,
 'left': array([[5.1, 3.5, 1.4, 0.2, 2. ],
       [5.1, 3.5, 1.4, 0.2, 1. ],
       [4.9, 3. , 1.4, 0.2, 2. ],
       [5.1, 3.5, 1.4, 0.2, 1. ],
       [4.9, 3. , 1.4, 0.2, 1. ]]),
 'right': array([[5. , 3.6, 1.4, 0.2, 1. ],
       [5. , 3.6, 1.4, 0.2, 2. ],
       [5.4, 3.7, 1.5, 0.2, 2. ],
       [5.4, 3.7, 1.5, 0.2, 1. ],
       [5.7, 4.4, 1.5, 0.4, 2. ],
       [5.7, 4.4, 1.5, 0.4, 1. ]])}
